<?xml version="1.0" encoding="UTF-8"?>
<testng-results ignored="0" total="1" passed="1" failed="0" skipped="0">
  <reporter-output>
  </reporter-output>
  <suite started-at="2023-09-16T00:30:26 GMT-07:00" name="Failed suite [Default suite]" finished-at="2023-09-16T00:31:28 GMT-07:00" duration-ms="61781">
    <groups>
    </groups>
    <test started-at="2023-09-16T00:30:26 GMT-07:00" name="Default test(failed)" finished-at="2023-09-16T00:31:28 GMT-07:00" duration-ms="61781">
      <class name="com.testCase.Tc_login_001">
        <test-method is-config="true" signature="setup()[pri:0, instance:com.testCase.Tc_login_001@292b08d6]" started-at="2023-09-16T00:30:26 GMT-07:00" name="setup" finished-at="2023-09-16T00:31:11 GMT-07:00" duration-ms="44969" status="PASS">
          <reporter-output>
          </reporter-output>
        </test-method> <!-- setup -->
        <test-method signature="loginTest()[pri:0, instance:com.testCase.Tc_login_001@292b08d6]" started-at="2023-09-16T00:31:12 GMT-07:00" name="loginTest" finished-at="2023-09-16T00:31:28 GMT-07:00" duration-ms="16526" status="PASS">
          <reporter-output>
          </reporter-output>
        </test-method> <!-- loginTest -->
      </class> <!-- com.testCase.Tc_login_001 -->
    </test> <!-- Default test(failed) -->
  </suite> <!-- Failed suite [Default suite] -->
</testng-results>
